11:18:25.443 [main] INFO  fr.diginamic.Main -
                Bonjour Slf4J !
11:18:25.445 [main] INFO  fr.diginamic.Main -
                Implementation Logback
12:30:07.416 [main] ERROR fr.diginamic.Main -
                Access denied for user 'u6sjf2jr3kknf99'@'91.167.239.199' (using password: YES)
12:59:17.577 [main] ERROR fr.diginamic.Main -
                Access denied for user 'u6sjf2jr3kknf99'@'91.167.239.199' (using password: YES)
14:36:37.390 [main] ERROR fr.diginamic.entites.Fournisseur -
                You have an error in your SQL syntax; check the manual that corresponds to your MySQL server version for the right syntax to use near 'maison des fous)' at line 1
14:37:51.088 [main] ERROR fr.diginamic.entites.Fournisseur -
                You have an error in your SQL syntax; check the manual that corresponds to your MySQL server version for the right syntax to use near 'maison des fous)' at line 1
14:38:23.099 [main] ERROR fr.diginamic.entites.Fournisseur -
                You have an error in your SQL syntax; check the manual that corresponds to your MySQL server version for the right syntax to use near 'maison des fous)' at line 1
14:39:19.247 [main] ERROR fr.diginamic.entites.Fournisseur -
                Table 'b2v3rhqbttdgmoyx1frj.FOURNISSEURS' doesn't exist
14:39:27.523 [main] ERROR fr.diginamic.entites.Fournisseur -
                Table 'b2v3rhqbttdgmoyx1frj.FOURNISSEURS' doesn't exist
14:41:11.506 [main] ERROR fr.diginamic.Main -
                Unknown database 'DecouvrirJDBC_Compta";'
14:42:41.969 [main] ERROR fr.diginamic.Main -
                Unknown database 'DecouvrirJDBC_Compta";'
14:46:04.000 [main] ERROR fr.diginamic.Main -
                Unknown database 'DecouvrirJDBC_Compta";'
14:46:38.541 [main] ERROR fr.diginamic.Main -
                Unknown database 'DecouvrirJDBC_Compta";'
14:47:29.000 [main] ERROR fr.diginamic.Main -
                Unknown database 'compta";'
14:48:03.540 [main] ERROR fr.diginamic.Main -
                Unknown database 'compta2";'
14:51:07.070 [main] ERROR fr.diginamic.Main -
                Unknown database 'DecouvrirJDBC_Compta";'
14:52:22.258 [main] ERROR fr.diginamic.Main -
                Unknown database 'DecouvrirJDBC_Compta;'
17:59:19.248 [main] ERROR fr.diginamic.entites.Fournisseur -
                You have an error in your SQL syntax; check the manual that corresponds to your MySQL server version for the right syntax to use near 'espace Création')' at line 1
18:11:23.303 [main] ERROR fr.diginamic.entites.Fournisseur -
                You have an error in your SQL syntax; check the manual that corresponds to your MySQL server version for the right syntax to use near ''FOURNISSEURS'' at line 1
18:13:41.600 [main] ERROR fr.diginamic.entites.Fournisseur -
                You have an error in your SQL syntax; check the manual that corresponds to your MySQL server version for the right syntax to use near ''FOURNISSEURS'' at line 1
18:13:48.078 [main] ERROR fr.diginamic.entites.Fournisseur -
                Parameter index out of range (0 < 1 ).
18:14:30.950 [main] ERROR fr.diginamic.entites.Fournisseur -
                Parameter index out of range (0 < 1 ).
18:14:45.418 [main] ERROR fr.diginamic.entites.Fournisseur -
                You have an error in your SQL syntax; check the manual that corresponds to your MySQL server version for the right syntax to use near ''FOURNISSEURS'' at line 1
18:20:25.050 [main] ERROR fr.diginamic.entites.Fournisseur -
                Parameter index out of range (1 > number of parameters, which is 0).
18:21:29.634 [main] ERROR fr.diginamic.entites.Fournisseur -
                You have an error in your SQL syntax; check the manual that corresponds to your MySQL server version for the right syntax to use near '?)' at line 1
18:22:27.854 [main] ERROR fr.diginamic.entites.Fournisseur -
                Parameter index out of range (1 > number of parameters, which is 0).
18:28:09.457 [main] ERROR fr.diginamic.entites.Fournisseur -
                You have an error in your SQL syntax; check the manual that corresponds to your MySQL server version for the right syntax to use near '? WHERE NOM=?' at line 1
18:56:08.688 [main] ERROR fr.diginamic.entites.Fournisseur -
                Unknown column 'DESIGNATION' in 'field list'
18:58:21.766 [main] ERROR fr.diginamic.entites.Fournisseur -
                Field 'REF' doesn't have a default value
